<?xml version="1.0" encoding="UTF-8"?>
<!-- Generated by org.testng.reporters.JUnitXMLReporter -->
<testsuite ignored="0" hostname="DESKTOP-KEFG07B" failures="0" tests="3" name="Test-3" time="62.992" errors="0" timestamp="2023-09-19T18:04:00 IST">
  <testcase classname="com.baseclassscripts.SMOKE_PACKAGE_09_Test" name="demo" time="0.003"/>
  <testcase classname="com.baseclassscripts.SMOKE_PACKAGE_09_Test" name="sample" time="0.003"/>
  <testcase classname="com.baseclassscripts.SMOKE_PACKAGE_09_Test" name="smokePageTest" time="6.498"/>
</testsuite> <!-- Test-3 -->
