<?xml version="1.0" encoding="UTF-8"?>
<!-- Generated by org.testng.reporters.JUnitXMLReporter -->
<testsuite ignored="0" hostname="DESKTOP-KEFG07B" failures="0" tests="3" name="Test-2" time="73.488" errors="0" timestamp="2023-09-19T18:04:10 IST">
  <testcase classname="com.baseclassscripts.SMOKE_PACKAGE_09_Test" name="demo" time="0.005"/>
  <testcase classname="com.baseclassscripts.SMOKE_PACKAGE_09_Test" name="sample" time="0.006"/>
  <testcase classname="com.baseclassscripts.SMOKE_PACKAGE_09_Test" name="smokePageTest" time="6.213"/>
</testsuite> <!-- Test-2 -->
