<?xml version="1.0" encoding="UTF-8"?>
<!-- Generated by org.testng.reporters.JUnitReportReporter -->
<testsuite hostname="DESKTOP-KEFG07B" failures="0" tests="3" name="com.baseclassscripts.SMOKE_PACKAGE_09_Test" time="1.993" errors="0" timestamp="2023-10-01T10:55:44 IST" skipped="0">
  <testcase classname="com.baseclassscripts.SMOKE_PACKAGE_09_Test" name="demo" time="0.018"/>
  <testcase classname="com.baseclassscripts.SMOKE_PACKAGE_09_Test" name="smokePageTest" time="1.973"/>
  <testcase classname="com.baseclassscripts.SMOKE_PACKAGE_09_Test" name="sample" time="0.002"/>
</testsuite> <!-- com.baseclassscripts.SMOKE_PACKAGE_09_Test -->
