<?xml version="1.0" encoding="UTF-8"?>
<!-- Generated by org.testng.reporters.JUnitReportReporter -->
<testsuite hostname="DESKTOP-KEFG07B" failures="0" tests="9" name="com.practice2.DataProviderPractice2" time="0.033" errors="0" timestamp="2023-09-19T10:32:11 IST" skipped="0">
  <testcase classname="com.practice2.DataProviderPractice2" name="readExcelData" time="0.003"/>
  <system-out/>
  <testcase classname="com.practice2.DataProviderPractice2" name="readExcelData" time="0.002"/>
  <system-out/>
  <testcase classname="com.practice2.DataProviderPractice2" name="readExcelData" time="0.002"/>
  <system-out/>
  <testcase classname="com.practice2.DataProviderPractice2" name="readExcelData" time="0.002"/>
  <system-out/>
  <testcase classname="com.practice2.DataProviderPractice2" name="readExcelData" time="0.003"/>
  <system-out/>
  <testcase classname="com.practice2.DataProviderPractice2" name="readExcelData" time="0.014"/>
  <system-out/>
  <testcase classname="com.practice2.DataProviderPractice2" name="readExcelData" time="0.003"/>
  <system-out/>
  <testcase classname="com.practice2.DataProviderPractice2" name="readExcelData" time="0.002"/>
  <system-out/>
  <testcase classname="com.practice2.DataProviderPractice2" name="readExcelData" time="0.002"/>
  <system-out/>
</testsuite> <!-- com.practice2.DataProviderPractice2 -->
