<?xml version="1.0" encoding="UTF-8"?>
<!-- Generated by org.testng.reporters.JUnitReportReporter -->
<testsuite hostname="DESKTOP-KEFG07B" failures="0" tests="1" name="com.tms_testng.IT_Enquiry_03_Test" time="9.078" errors="0" timestamp="2023-09-12T10:02:14 IST" skipped="0">
  <testcase classname="com.tms_testng.IT_Enquiry_03_Test" name="enquiry_03_Test" time="9.078"/>
  <system-out/>
</testsuite> <!-- com.tms_testng.IT_Enquiry_03_Test -->
