<?xml version="1.0" encoding="UTF-8"?>
<!-- Generated by org.testng.reporters.JUnitReportReporter -->
<testsuite hostname="DESKTOP-KEFG07B" failures="0" tests="4" name="testngpractice.DPFromExcelUtility" time="0.022" errors="0" timestamp="2023-09-15T15:23:55 IST" skipped="0">
  <testcase classname="testngpractice.DPFromExcelUtility" name="dataProviderFromExcelTest" time="0.004"/>
  <system-out/>
  <testcase classname="testngpractice.DPFromExcelUtility" name="dataProviderFromExcelTest" time="0.012"/>
  <system-out/>
  <testcase classname="testngpractice.DPFromExcelUtility" name="dataProviderFromExcelTest" time="0.003"/>
  <system-out/>
  <testcase classname="testngpractice.DPFromExcelUtility" name="dataProviderFromExcelTest" time="0.003"/>
  <system-out/>
</testsuite> <!-- testngpractice.DPFromExcelUtility -->
