<?xml version="1.0" encoding="UTF-8"?>
<!-- Generated by org.testng.reporters.JUnitReportReporter -->
<testsuite hostname="DESKTOP-KEFG07B" failures="0" tests="2" name="com.practice2.DataProvider1" time="0.037" errors="0" timestamp="2023-09-19T10:03:55 IST" skipped="0">
  <testcase classname="com.practice2.DataProvider1" name="DataProviderTest1" time="0.031"/>
  <system-out/>
  <testcase classname="com.practice2.DataProvider1" name="DataProviderTest1" time="0.006"/>
  <system-out/>
</testsuite> <!-- com.practice2.DataProvider1 -->
