<?xml version="1.0" encoding="UTF-8"?>
<!-- Generated by org.testng.reporters.JUnitReportReporter -->
<testsuite hostname="DESKTOP-KEFG07B" failures="0" tests="4" name="testngpractice.DataProvidesFromExcelTest" time="0.019" errors="0" timestamp="2023-09-19T11:24:11 IST" skipped="0">
  <testcase classname="testngpractice.DataProvidesFromExcelTest" name="dataProviderTest" time="0.013"/>
  <system-out/>
  <testcase classname="testngpractice.DataProvidesFromExcelTest" name="dataProviderTest" time="0.003"/>
  <system-out/>
  <testcase classname="testngpractice.DataProvidesFromExcelTest" name="dataProviderTest" time="0.001"/>
  <system-out/>
  <testcase classname="testngpractice.DataProvidesFromExcelTest" name="dataProviderTest" time="0.002"/>
  <system-out/>
</testsuite> <!-- testngpractice.DataProvidesFromExcelTest -->
