<?xml version="1.0" encoding="UTF-8"?>
<!-- Generated by org.testng.reporters.JUnitReportReporter -->
<testsuite hostname="DESKTOP-KEFG07B" failures="0" tests="2" name="com.praticepackage.ReadDataFromCMDPrompt_Test" time="9.158" errors="0" timestamp="2023-09-06T13:40:39 IST" skipped="0">
  <testcase classname="com.praticepackage.ReadDataFromCMDPrompt_Test" name="readTest" time="0.002"/>
  <system-out/>
  <testcase classname="com.praticepackage.ReadDataFromCMDPrompt_Test" name="gettingProperty" time="9.156"/>
  <system-out/>
</testsuite> <!-- com.praticepackage.ReadDataFromCMDPrompt_Test -->
