<?xml version="1.0" encoding="UTF-8"?>
<!-- Generated by org.testng.reporters.JUnitReportReporter -->
<testsuite hostname="DESKTOP-KEFG07B" failures="0" tests="1" name="com.testscripts_generic.TMS_AdminModule_SmokeT_003_Test" time="10.369" errors="0" timestamp="2023-09-12T14:57:14 IST" skipped="0">
  <testcase classname="com.testscripts_generic.TMS_AdminModule_SmokeT_003_Test" name="tms_Admin_Model_Smoke_03_Test" time="10.369"/>
  <system-out/>
</testsuite> <!-- com.testscripts_generic.TMS_AdminModule_SmokeT_003_Test -->
