<?xml version="1.0" encoding="UTF-8"?>
<!-- Generated by org.testng.reporters.JUnitReportReporter -->
<testsuite hostname="DESKTOP-KEFG07B" failures="0" tests="1" name="assertion.SMOKE_PACKAGE_09_Test" time="9.765" errors="0" timestamp="2023-09-20T13:47:03 IST" skipped="0">
  <testcase classname="assertion.SMOKE_PACKAGE_09_Test" name="verifyTourPackagePageTest" time="9.765"/>
</testsuite> <!-- assertion.SMOKE_PACKAGE_09_Test -->
