<?xml version="1.0" encoding="UTF-8"?>
<!-- Generated by org.testng.reporters.JUnitReportReporter -->
<testsuite hostname="DESKTOP-KEFG07B" failures="0" tests="1" name="com.tms_testng.TMS_AdminModel_ST_001_Test" time="31.214" errors="0" timestamp="2023-09-12T10:02:14 IST" skipped="0">
  <testcase classname="com.tms_testng.TMS_AdminModel_ST_001_Test" name="tms_AdminModel_Test" time="31.214"/>
  <system-out/>
</testsuite> <!-- com.tms_testng.TMS_AdminModel_ST_001_Test -->
