<?xml version="1.0" encoding="UTF-8"?>
<!-- Generated by org.testng.reporters.JUnitReportReporter -->
<testsuite hostname="DESKTOP-KEFG07B" failures="0" tests="1" name="com.praticepackage.JDBC_Unit_Test" time="0.592" errors="0" timestamp="2023-09-07T22:29:29 IST" skipped="0">
  <testcase classname="com.praticepackage.JDBC_Unit_Test" name="unitTest" time="0.592"/>
  <system-out/>
</testsuite> <!-- com.praticepackage.JDBC_Unit_Test -->
