<?xml version="1.0" encoding="UTF-8"?>
<!-- Generated by org.testng.reporters.JUnitReportReporter -->
<testsuite hostname="DESKTOP-KEFG07B" failures="0" tests="1" name="com.baseclassscripts.TMS_AdminModule_SmokeT_003_Test" time="1.756" errors="0" timestamp="2023-10-01T10:55:44 IST" skipped="0">
  <testcase classname="com.baseclassscripts.TMS_AdminModule_SmokeT_003_Test" name="adminSmokeTest" time="1.756"/>
</testsuite> <!-- com.baseclassscripts.TMS_AdminModule_SmokeT_003_Test -->
