<?xml version="1.0" encoding="UTF-8"?>
<!-- Generated by org.testng.reporters.JUnitReportReporter -->
<testsuite hostname="DESKTOP-KEFG07B" failures="0" tests="1" name="com.tms_testng.Manage_Bookings_2_Test" time="9.155" errors="0" timestamp="2023-09-12T10:02:14 IST" skipped="0">
  <testcase classname="com.tms_testng.Manage_Bookings_2_Test" name="manage_Bookings_Test" time="9.155"/>
  <system-out/>
</testsuite> <!-- com.tms_testng.Manage_Bookings_2_Test -->
