<?xml version="1.0" encoding="UTF-8"?>
<!-- Generated by org.testng.reporters.JUnitReportReporter -->
<testsuite hostname="DESKTOP-KEFG07B" failures="0" tests="1" name="com.tms.testng_pom.SMOKE_PACKAGE_09_Test" time="10.006" errors="0" timestamp="2023-09-14T11:26:31 IST" skipped="0">
  <testcase classname="com.tms.testng_pom.SMOKE_PACKAGE_09_Test" name="smokePageTest" time="10.006"/>
  <system-out/>
</testsuite> <!-- com.tms.testng_pom.SMOKE_PACKAGE_09_Test -->
