<?xml version="1.0" encoding="UTF-8"?>
<!-- Generated by org.testng.reporters.JUnitReportReporter -->
<testsuite hostname="DESKTOP-KEFG07B" failures="0" tests="1" name="com.tms.testng_pom.TMS_AdminModel_ST_006_Test" time="15.873" errors="0" timestamp="2023-09-14T11:26:31 IST" skipped="0">
  <testcase classname="com.tms.testng_pom.TMS_AdminModel_ST_006_Test" name="adminST06Test" time="15.873"/>
  <system-out/>
</testsuite> <!-- com.tms.testng_pom.TMS_AdminModel_ST_006_Test -->
