<?xml version="1.0" encoding="UTF-8"?>
<!-- Generated by org.testng.reporters.JUnitReportReporter -->
<testsuite hostname="DESKTOP-KEFG07B" failures="0" tests="1" name="com.tms_testng.SMOKE_PACKAGE_09_Test" time="8.713" errors="0" timestamp="2023-09-12T10:02:14 IST" skipped="0">
  <testcase classname="com.tms_testng.SMOKE_PACKAGE_09_Test" name="smoke_Package_Test" time="8.713"/>
  <system-out/>
</testsuite> <!-- com.tms_testng.SMOKE_PACKAGE_09_Test -->
