<?xml version="1.0" encoding="UTF-8"?>
<!-- Generated by org.testng.reporters.JUnitReportReporter -->
<testsuite hostname="DESKTOP-KEFG07B" failures="0" tests="1" name="com.baseclassscripts.VerifyModificationOfTourPackage" time="5.839" errors="0" timestamp="2023-09-19T14:13:15 IST" skipped="0">
  <testcase classname="com.baseclassscripts.VerifyModificationOfTourPackage" name="verifyTourPackage" time="5.839"/>
</testsuite> <!-- com.baseclassscripts.VerifyModificationOfTourPackage -->
