<?xml version="1.0" encoding="UTF-8"?>
<!-- Generated by org.testng.reporters.JUnitReportReporter -->
<testsuite hostname="DESKTOP-KEFG07B" failures="0" tests="1" name="com.baseclassscripts.Manage_Bookings_2_Test" time="6.210" errors="0" timestamp="2023-10-01T10:55:44 IST" skipped="0">
  <testcase classname="com.baseclassscripts.Manage_Bookings_2_Test" name="manageBookingsTest" time="6.210"/>
</testsuite> <!-- com.baseclassscripts.Manage_Bookings_2_Test -->
