<?xml version="1.0" encoding="UTF-8"?>
<!-- Generated by org.testng.reporters.JUnitReportReporter -->
<testsuite hostname="DESKTOP-KEFG07B" failures="0" tests="3" name="xmltestngpractice.TourPackageModel" time="10.200" errors="0" timestamp="2023-09-21T16:27:39 IST" skipped="0">
  <testcase classname="xmltestngpractice.TourPackageModel" name="modifyTourPackage" time="6.610">
    <system-out>
      <![CDATA[modifyTourPackage>>>>>>>>>>Execution Starts
modifyTourPackage>>>>>>>>> TestScript executed Successfully]]>
    </system-out>
  </testcase> <!-- modifyTourPackage -->
  <testcase classname="xmltestngpractice.TourPackageModel" name="createTourPackage" time="2.208">
    <system-out>
      <![CDATA[createTourPackage>>>>>>>>>>Execution Starts
createTourPackage>>>>>>>>> TestScript executed Successfully]]>
    </system-out>
  </testcase> <!-- createTourPackage -->
  <testcase classname="xmltestngpractice.TourPackageModel" name="deleteTourPackage" time="1.382">
    <system-out>
      <![CDATA[deleteTourPackage>>>>>>>>>>Execution Starts
deleteTourPackage>>>>>>>>> TestScript executed Successfully]]>
    </system-out>
  </testcase> <!-- deleteTourPackage -->
  <system-out>
    <![CDATA[bookTourPackage>>>>>>>>>>Execution Starts
bookTourPackage>>>>>>Failed
cancelTourPackage>>>>>>>>>>Execution Starts
cancelTourPackage>>>>>>>>> TestScript executed Successfully
raiseIssue>>>>>>>>>>Execution Starts
raiseIssue>>>>>>Failed
resolveIssue>>>>>>>>>>Execution Starts
resolveIssue>>>>>>Failed
createTourPackage>>>>>>>>>>Execution Starts
createTourPackage>>>>>>>>> TestScript executed Successfully
deleteTourPackage>>>>>>>>>>Execution Starts
deleteTourPackage>>>>>>>>> TestScript executed Successfully
modifyTourPackage>>>>>>>>>>Execution Starts
modifyTourPackage>>>>>>>>> TestScript executed Successfully]]>
  </system-out>
</testsuite> <!-- xmltestngpractice.TourPackageModel -->
