<?xml version="1.0" encoding="UTF-8"?>
<!-- Generated by org.testng.reporters.JUnitReportReporter -->
<testsuite hostname="DESKTOP-KEFG07B" failures="0" tests="3" name="testngpractice.AllAnnotation" time="0.025" errors="0" timestamp="2023-09-15T16:24:49 IST" skipped="0">
  <testcase classname="testngpractice.AllAnnotation" name="test1" time="0.010"/>
  <system-out/>
  <testcase classname="testngpractice.AllAnnotation" name="test3" time="0.004"/>
  <system-out/>
  <testcase classname="testngpractice.AllAnnotation" name="test4" time="0.011"/>
  <system-out/>
</testsuite> <!-- testngpractice.AllAnnotation -->
