<?xml version="1.0" encoding="UTF-8"?>
<!-- Generated by org.testng.reporters.JUnitReportReporter -->
<testsuite hostname="DESKTOP-KEFG07B" failures="0" tests="1" name="com.tms.testng_pom.ST_03_Test" time="48.831" errors="0" timestamp="2023-09-14T16:41:50 IST" skipped="0">
  <testcase classname="com.tms.testng_pom.ST_03_Test" name="st_03_Test" time="48.831"/>
  <system-out/>
</testsuite> <!-- com.tms.testng_pom.ST_03_Test -->
