<?xml version="1.0" encoding="UTF-8"?>
<!-- Generated by org.testng.reporters.JUnitReportReporter -->
<testsuite hostname="DESKTOP-KEFG07B" failures="0" tests="5" name="testngpractice.DataProviderClass" time="0.053" errors="0" timestamp="2023-09-15T13:00:00 IST" skipped="0">
  <testcase classname="testngpractice.DataProviderClass" name="dataProvidesTest1" time="0.017"/>
  <system-out/>
  <testcase classname="testngpractice.DataProviderClass" name="dataProvidesTest1" time="0.003"/>
  <system-out/>
  <testcase classname="testngpractice.DataProviderClass" name="dataProviderTest" time="0.024"/>
  <system-out/>
  <testcase classname="testngpractice.DataProviderClass" name="dataProvidesTest1" time="0.003"/>
  <system-out/>
  <testcase classname="testngpractice.DataProviderClass" name="dataProviderTest" time="0.006"/>
  <system-out/>
</testsuite> <!-- testngpractice.DataProviderClass -->
