<?xml version="1.0" encoding="UTF-8"?>
<!-- Generated by org.testng.reporters.JUnitReportReporter -->
<testsuite hostname="DESKTOP-KEFG07B" failures="0" tests="1" name="com.baseclassscripts.ST_03_Test" time="19.196" errors="0" timestamp="2023-10-01T10:55:44 IST" skipped="0">
  <testcase classname="com.baseclassscripts.ST_03_Test" name="st_03_Test" time="19.196"/>
</testsuite> <!-- com.baseclassscripts.ST_03_Test -->
