<?xml version="1.0" encoding="UTF-8"?>
<!-- Generated by org.testng.reporters.JUnitReportReporter -->
<testsuite hostname="DESKTOP-KEFG07B" failures="0" tests="3" name="testngpractice.Practice01" time="0.032" errors="0" timestamp="2023-09-15T12:23:33 IST" skipped="0">
  <testcase classname="testngpractice.Practice01" name="deleteTest" time="0.004"/>
  <system-out/>
  <testcase classname="testngpractice.Practice01" name="createTest" time="0.024"/>
  <system-out/>
  <testcase classname="testngpractice.Practice01" name="editTest" time="0.004"/>
  <system-out/>
</testsuite> <!-- testngpractice.Practice01 -->
